c:\users\skvortsoff\onedrive\документы\github\course_lp\course_lp\debug\vc142.pdb
c:\users\skvortsoff\onedrive\документы\github\course_lp\course_lp\debug\vc142.idb
c:\users\skvortsoff\onedrive\документы\github\course_lp\course_lp\debug\pn.obj
c:\users\skvortsoff\onedrive\документы\github\course_lp\course_lp\debug\parm.obj
c:\users\skvortsoff\onedrive\документы\github\course_lp\course_lp\debug\mfst.obj
c:\users\skvortsoff\onedrive\документы\github\course_lp\course_lp\debug\lt.obj
c:\users\skvortsoff\onedrive\документы\github\course_lp\course_lp\debug\log.obj
c:\users\skvortsoff\onedrive\документы\github\course_lp\course_lp\debug\it.obj
c:\users\skvortsoff\onedrive\документы\github\course_lp\course_lp\debug\in.obj
c:\users\skvortsoff\onedrive\документы\github\course_lp\course_lp\debug\gta.obj
c:\users\skvortsoff\onedrive\документы\github\course_lp\course_lp\debug\grb.obj
c:\users\skvortsoff\onedrive\документы\github\course_lp\course_lp\debug\fst.obj
c:\users\skvortsoff\onedrive\документы\github\course_lp\course_lp\debug\error.obj
c:\users\skvortsoff\onedrive\документы\github\course_lp\course_lp\debug\dp.obj
c:\users\skvortsoff\onedrive\документы\github\course_lp\course_lp\debug\course_project.obj
c:\users\skvortsoff\onedrive\документы\github\course_lp\course_lp\debug\sa.obj
c:\users\skvortsoff\onedrive\документы\github\course_lp\debug\course_lp.exe
c:\users\skvortsoff\onedrive\документы\github\course_lp\debug\course_lp.ilk
c:\users\skvortsoff\onedrive\документы\github\course_lp\debug\course_lp.pdb
c:\users\skvortsoff\onedrive\документы\github\course_lp\course_lp\debug\sa.obj.enc
c:\users\skvortsoff\onedrive\документы\github\course_lp\course_lp\debug\course_lp.tlog\cl.command.1.tlog
c:\users\skvortsoff\onedrive\документы\github\course_lp\course_lp\debug\course_lp.tlog\cl.read.1.tlog
c:\users\skvortsoff\onedrive\документы\github\course_lp\course_lp\debug\course_lp.tlog\cl.write.1.tlog
c:\users\skvortsoff\onedrive\документы\github\course_lp\course_lp\debug\course_lp.tlog\link.command.1.tlog
c:\users\skvortsoff\onedrive\документы\github\course_lp\course_lp\debug\course_lp.tlog\link.read.1.tlog
c:\users\skvortsoff\onedrive\документы\github\course_lp\course_lp\debug\course_lp.tlog\link.write.1.tlog
