c:\users\skvortsoff\onedrive\документы\github\course_lp\x64\debug\course_lp.bsc
c:\users\skvortsoff\onedrive\документы\github\course_lp\course_lp\x64\debug\vc142.pdb
c:\users\skvortsoff\onedrive\документы\github\course_lp\course_lp\x64\debug\vc142.idb
c:\users\skvortsoff\onedrive\документы\github\course_lp\course_lp\x64\debug\course_project.sbr
c:\users\skvortsoff\onedrive\документы\github\course_lp\course_lp\x64\debug\dp.sbr
c:\users\skvortsoff\onedrive\документы\github\course_lp\course_lp\x64\debug\error.sbr
c:\users\skvortsoff\onedrive\документы\github\course_lp\course_lp\x64\debug\fst.sbr
c:\users\skvortsoff\onedrive\документы\github\course_lp\course_lp\x64\debug\grb.sbr
c:\users\skvortsoff\onedrive\документы\github\course_lp\course_lp\x64\debug\gta.sbr
c:\users\skvortsoff\onedrive\документы\github\course_lp\course_lp\x64\debug\in.sbr
c:\users\skvortsoff\onedrive\документы\github\course_lp\course_lp\x64\debug\it.sbr
c:\users\skvortsoff\onedrive\документы\github\course_lp\course_lp\x64\debug\log.sbr
c:\users\skvortsoff\onedrive\документы\github\course_lp\course_lp\x64\debug\lt.sbr
c:\users\skvortsoff\onedrive\документы\github\course_lp\course_lp\x64\debug\mfst.sbr
c:\users\skvortsoff\onedrive\документы\github\course_lp\course_lp\x64\debug\parm.sbr
c:\users\skvortsoff\onedrive\документы\github\course_lp\course_lp\x64\debug\pn.sbr
c:\users\skvortsoff\onedrive\документы\github\course_lp\course_lp\x64\debug\pn.obj
c:\users\skvortsoff\onedrive\документы\github\course_lp\course_lp\x64\debug\pn.cod
c:\users\skvortsoff\onedrive\документы\github\course_lp\course_lp\x64\debug\parm.obj
c:\users\skvortsoff\onedrive\документы\github\course_lp\course_lp\x64\debug\parm.cod
c:\users\skvortsoff\onedrive\документы\github\course_lp\course_lp\x64\debug\mfst.obj
c:\users\skvortsoff\onedrive\документы\github\course_lp\course_lp\x64\debug\mfst.cod
c:\users\skvortsoff\onedrive\документы\github\course_lp\course_lp\x64\debug\lt.obj
c:\users\skvortsoff\onedrive\документы\github\course_lp\course_lp\x64\debug\lt.cod
c:\users\skvortsoff\onedrive\документы\github\course_lp\course_lp\x64\debug\log.obj
c:\users\skvortsoff\onedrive\документы\github\course_lp\course_lp\x64\debug\log.cod
c:\users\skvortsoff\onedrive\документы\github\course_lp\course_lp\x64\debug\it.obj
c:\users\skvortsoff\onedrive\документы\github\course_lp\course_lp\x64\debug\it.cod
c:\users\skvortsoff\onedrive\документы\github\course_lp\course_lp\x64\debug\in.obj
c:\users\skvortsoff\onedrive\документы\github\course_lp\course_lp\x64\debug\in.cod
c:\users\skvortsoff\onedrive\документы\github\course_lp\course_lp\x64\debug\gta.obj
c:\users\skvortsoff\onedrive\документы\github\course_lp\course_lp\x64\debug\gta.cod
c:\users\skvortsoff\onedrive\документы\github\course_lp\course_lp\x64\debug\grb.obj
c:\users\skvortsoff\onedrive\документы\github\course_lp\course_lp\x64\debug\grb.cod
c:\users\skvortsoff\onedrive\документы\github\course_lp\course_lp\x64\debug\fst.obj
c:\users\skvortsoff\onedrive\документы\github\course_lp\course_lp\x64\debug\fst.cod
c:\users\skvortsoff\onedrive\документы\github\course_lp\course_lp\x64\debug\error.obj
c:\users\skvortsoff\onedrive\документы\github\course_lp\course_lp\x64\debug\error.cod
c:\users\skvortsoff\onedrive\документы\github\course_lp\course_lp\x64\debug\dp.obj
c:\users\skvortsoff\onedrive\документы\github\course_lp\course_lp\x64\debug\dp.cod
c:\users\skvortsoff\onedrive\документы\github\course_lp\course_lp\x64\debug\course_project.obj
c:\users\skvortsoff\onedrive\документы\github\course_lp\course_lp\x64\debug\course_project.cod
c:\users\skvortsoff\onedrive\документы\github\course_lp\course_lp\x64\debug\sa.sbr
c:\users\skvortsoff\onedrive\документы\github\course_lp\course_lp\x64\debug\sa.obj
c:\users\skvortsoff\onedrive\документы\github\course_lp\course_lp\x64\debug\sa.cod
c:\users\skvortsoff\onedrive\документы\github\course_lp\x64\debug\course_lp.ilk
c:\users\skvortsoff\onedrive\документы\github\course_lp\x64\debug\course_lp.exe
c:\users\skvortsoff\onedrive\документы\github\course_lp\x64\debug\course_lp.pdb
c:\users\skvortsoff\onedrive\документы\github\course_lp\course_lp\x64\debug\course_lp.tlog\bscmake.command.1.tlog
c:\users\skvortsoff\onedrive\документы\github\course_lp\course_lp\x64\debug\course_lp.tlog\bscmake.read.1.tlog
c:\users\skvortsoff\onedrive\документы\github\course_lp\course_lp\x64\debug\course_lp.tlog\bscmake.write.1.tlog
c:\users\skvortsoff\onedrive\документы\github\course_lp\course_lp\x64\debug\course_lp.tlog\cl.command.1.tlog
c:\users\skvortsoff\onedrive\документы\github\course_lp\course_lp\x64\debug\course_lp.tlog\cl.read.1.tlog
c:\users\skvortsoff\onedrive\документы\github\course_lp\course_lp\x64\debug\course_lp.tlog\cl.write.1.tlog
c:\users\skvortsoff\onedrive\документы\github\course_lp\course_lp\x64\debug\course_lp.tlog\link.command.1.tlog
c:\users\skvortsoff\onedrive\документы\github\course_lp\course_lp\x64\debug\course_lp.tlog\link.read.1.tlog
c:\users\skvortsoff\onedrive\документы\github\course_lp\course_lp\x64\debug\course_lp.tlog\link.write.1.tlog
